{"level":"info","message":"Starting Bayesian","timestamp":"2017-11-13T12:22:06.095Z"}
{"level":"debug","message":"on file open file:///Users/asrisail/Documents/Arun/Works/Forked/machine-ui/src/app/natural-language/natural-language.module.ts","timestamp":"2017-11-13T12:22:06.112Z"}
{"level":"debug","message":"on file open file:///Users/asrisail/Documents/Arun/Works/Forked/machine-ui/src/app/natural-language/natural-language.component.ts","timestamp":"2017-11-13T12:22:06.115Z"}
{"level":"debug","message":"on file open file:///Users/asrisail/Documents/Arun/Works/Forked/machine-ui/src/app/natural-language/natural-language.component.html","timestamp":"2017-11-13T12:22:06.115Z"}
{"level":"debug","message":"on file open file:///Users/asrisail/Documents/Arun/Works/Forked/machine-ui/src/app/natural-language/natural-language.component.less","timestamp":"2017-11-13T12:22:06.115Z"}
{"level":"debug","message":"on file open output:Git","timestamp":"2017-11-13T12:22:06.115Z"}
{"level":"debug","message":"on file open file:///Users/asrisail/Documents/Arun/Works/Forked/machine-ui/karma.conf.js","timestamp":"2017-11-13T12:22:06.117Z"}
{"level":"debug","message":"on file open output:extension-output-%234","timestamp":"2017-11-13T12:22:06.117Z"}
{"level":"debug","message":"on file open file:///Users/asrisail/Documents/Arun/Works/Forked/machine-ui/.gitignore","timestamp":"2017-11-13T12:22:06.117Z"}
{"level":"debug","message":"on file open git:/Users/asrisail/Documents/Arun/Works/Forked/machine-ui/.gitignore","timestamp":"2017-11-13T12:22:06.117Z"}
{"level":"debug","message":"on change file:///Users/asrisail/Documents/Arun/Works/Forked/machine-ui/.gitignore","timestamp":"2017-11-13T12:22:06.134Z"}
{"level":"debug","message":"on file open output:extension-output-%235","timestamp":"2017-11-13T12:22:06.134Z"}
{"level":"debug","message":"on change file:///Users/asrisail/Documents/Arun/Works/Forked/machine-ui/.gitignore","timestamp":"2017-11-13T12:22:06.427Z"}
{"level":"debug","message":"on change file:///Users/asrisail/Documents/Arun/Works/Forked/machine-ui/.gitignore","timestamp":"2017-11-13T12:22:06.985Z"}
{"level":"debug","message":"on change file:///Users/asrisail/Documents/Arun/Works/Forked/machine-ui/.gitignore","timestamp":"2017-11-13T12:22:09.440Z"}
{"level":"debug","message":"on change git:/Users/asrisail/Documents/Arun/Works/Forked/machine-ui/.gitignore","timestamp":"2017-11-13T12:22:09.500Z"}
{"level":"debug","message":"on save file:///Users/asrisail/Documents/Arun/Works/Forked/machine-ui/.gitignore","timestamp":"2017-11-13T12:22:09.501Z"}
{"level":"debug","message":"on change file:///Users/asrisail/Documents/Arun/Works/Forked/machine-ui/.gitignore","timestamp":"2017-11-13T12:22:09.704Z"}
{"level":"debug","message":"on save file:///Users/asrisail/Documents/Arun/Works/Forked/machine-ui/.gitignore","timestamp":"2017-11-13T12:22:09.796Z"}
{"level":"debug","message":"on change file:///Users/asrisail/Documents/Arun/Works/Forked/machine-ui/.gitignore","timestamp":"2017-11-13T12:22:10.441Z"}
{"level":"debug","message":"on save file:///Users/asrisail/Documents/Arun/Works/Forked/machine-ui/.gitignore","timestamp":"2017-11-13T12:22:10.441Z"}
{"level":"debug","message":"on change git:/Users/asrisail/Documents/Arun/Works/Forked/machine-ui/.gitignore","timestamp":"2017-11-13T12:22:17.852Z"}
{"level":"debug","message":"on file open git:/Users/asrisail/Documents/Arun/Works/Forked/machine-ui/src/app/natural-language/natural-language.component.less","timestamp":"2017-11-13T12:22:22.162Z"}
{"level":"debug","message":"on change git:/Users/asrisail/Documents/Arun/Works/Forked/machine-ui/src/app/natural-language/natural-language.component.less","timestamp":"2017-11-13T12:22:22.398Z"}
{"level":"debug","message":"on file open git:/Users/asrisail/Documents/Arun/Works/Forked/machine-ui/src/app/natural-language/natural-language.component.html","timestamp":"2017-11-13T12:22:22.858Z"}
{"level":"debug","message":"on change git:/Users/asrisail/Documents/Arun/Works/Forked/machine-ui/src/app/natural-language/natural-language.component.html","timestamp":"2017-11-13T12:22:23.095Z"}
{"level":"debug","message":"on file open git:/Users/asrisail/Documents/Arun/Works/Forked/machine-ui/src/app/natural-language/natural-language.module.ts","timestamp":"2017-11-13T12:22:23.964Z"}
{"level":"debug","message":"on change git:/Users/asrisail/Documents/Arun/Works/Forked/machine-ui/src/app/natural-language/natural-language.module.ts","timestamp":"2017-11-13T12:22:24.197Z"}
{"level":"debug","message":"on change file:///Users/asrisail/Documents/Arun/Works/Forked/machine-ui/src/app/natural-language/natural-language.module.ts","timestamp":"2017-11-13T12:22:25.383Z"}
{"level":"debug","message":"on change file:///Users/asrisail/Documents/Arun/Works/Forked/machine-ui/src/app/natural-language/natural-language.module.ts","timestamp":"2017-11-13T12:22:25.704Z"}
{"level":"debug","message":"on change file:///Users/asrisail/Documents/Arun/Works/Forked/machine-ui/src/app/natural-language/natural-language.module.ts","timestamp":"2017-11-13T12:22:26.270Z"}
{"level":"debug","message":"on change file:///Users/asrisail/Documents/Arun/Works/Forked/machine-ui/src/app/natural-language/natural-language.module.ts","timestamp":"2017-11-13T12:22:26.639Z"}
{"level":"debug","message":"on change file:///Users/asrisail/Documents/Arun/Works/Forked/machine-ui/src/app/natural-language/natural-language.module.ts","timestamp":"2017-11-13T12:22:27.211Z"}
{"level":"debug","message":"on change file:///Users/asrisail/Documents/Arun/Works/Forked/machine-ui/src/app/natural-language/natural-language.module.ts","timestamp":"2017-11-13T12:22:27.824Z"}
{"level":"debug","message":"on change file:///Users/asrisail/Documents/Arun/Works/Forked/machine-ui/src/app/natural-language/natural-language.module.ts","timestamp":"2017-11-13T12:22:28.304Z"}
{"level":"debug","message":"on change file:///Users/asrisail/Documents/Arun/Works/Forked/machine-ui/src/app/natural-language/natural-language.module.ts","timestamp":"2017-11-13T12:22:28.605Z"}
{"level":"debug","message":"on change file:///Users/asrisail/Documents/Arun/Works/Forked/machine-ui/src/app/natural-language/natural-language.module.ts","timestamp":"2017-11-13T12:22:29.609Z"}
{"level":"debug","message":"on change file:///Users/asrisail/Documents/Arun/Works/Forked/machine-ui/src/app/natural-language/natural-language.module.ts","timestamp":"2017-11-13T12:22:30.714Z"}
{"level":"debug","message":"on change file:///Users/asrisail/Documents/Arun/Works/Forked/machine-ui/src/app/natural-language/natural-language.module.ts","timestamp":"2017-11-13T12:22:31.354Z"}
{"level":"debug","message":"on change file:///Users/asrisail/Documents/Arun/Works/Forked/machine-ui/src/app/natural-language/natural-language.module.ts","timestamp":"2017-11-13T12:22:32.855Z"}
{"level":"debug","message":"on change file:///Users/asrisail/Documents/Arun/Works/Forked/machine-ui/src/app/natural-language/natural-language.module.ts","timestamp":"2017-11-13T12:22:33.188Z"}
{"level":"debug","message":"on change file:///Users/asrisail/Documents/Arun/Works/Forked/machine-ui/src/app/natural-language/natural-language.module.ts","timestamp":"2017-11-13T12:22:34.390Z"}
{"level":"debug","message":"on change file:///Users/asrisail/Documents/Arun/Works/Forked/machine-ui/src/app/natural-language/natural-language.module.ts","timestamp":"2017-11-13T12:22:35.198Z"}
{"level":"debug","message":"on change file:///Users/asrisail/Documents/Arun/Works/Forked/machine-ui/src/app/natural-language/natural-language.module.ts","timestamp":"2017-11-13T12:22:36.757Z"}
{"level":"debug","message":"on change file:///Users/asrisail/Documents/Arun/Works/Forked/machine-ui/src/app/natural-language/natural-language.module.ts","timestamp":"2017-11-13T12:22:37.353Z"}
{"level":"debug","message":"on change file:///Users/asrisail/Documents/Arun/Works/Forked/machine-ui/src/app/natural-language/natural-language.module.ts","timestamp":"2017-11-13T12:22:37.586Z"}
{"level":"debug","message":"on change file:///Users/asrisail/Documents/Arun/Works/Forked/machine-ui/src/app/natural-language/natural-language.module.ts","timestamp":"2017-11-13T12:22:38.899Z"}
{"level":"debug","message":"on change file:///Users/asrisail/Documents/Arun/Works/Forked/machine-ui/src/app/natural-language/natural-language.module.ts","timestamp":"2017-11-13T12:22:39.482Z"}
{"level":"debug","message":"on change file:///Users/asrisail/Documents/Arun/Works/Forked/machine-ui/src/app/natural-language/natural-language.module.ts","timestamp":"2017-11-13T12:22:40.100Z"}
{"level":"debug","message":"on change file:///Users/asrisail/Documents/Arun/Works/Forked/machine-ui/src/app/natural-language/natural-language.module.ts","timestamp":"2017-11-13T12:22:40.503Z"}
{"level":"debug","message":"on change file:///Users/asrisail/Documents/Arun/Works/Forked/machine-ui/src/app/natural-language/natural-language.module.ts","timestamp":"2017-11-13T12:22:41.694Z"}
{"level":"debug","message":"on change file:///Users/asrisail/Documents/Arun/Works/Forked/machine-ui/src/app/natural-language/natural-language.module.ts","timestamp":"2017-11-13T12:22:41.912Z"}
{"level":"debug","message":"on change file:///Users/asrisail/Documents/Arun/Works/Forked/machine-ui/src/app/natural-language/natural-language.module.ts","timestamp":"2017-11-13T12:22:42.589Z"}
{"level":"debug","message":"on change file:///Users/asrisail/Documents/Arun/Works/Forked/machine-ui/src/app/natural-language/natural-language.module.ts","timestamp":"2017-11-13T12:22:42.976Z"}
{"level":"debug","message":"on change file:///Users/asrisail/Documents/Arun/Works/Forked/machine-ui/src/app/natural-language/natural-language.module.ts","timestamp":"2017-11-13T12:22:43.287Z"}
{"level":"debug","message":"on change file:///Users/asrisail/Documents/Arun/Works/Forked/machine-ui/src/app/natural-language/natural-language.module.ts","timestamp":"2017-11-13T12:22:45.087Z"}
{"level":"debug","message":"on change file:///Users/asrisail/Documents/Arun/Works/Forked/machine-ui/src/app/natural-language/natural-language.module.ts","timestamp":"2017-11-13T12:22:45.437Z"}
{"level":"debug","message":"on change file:///Users/asrisail/Documents/Arun/Works/Forked/machine-ui/src/app/natural-language/natural-language.module.ts","timestamp":"2017-11-13T12:22:45.915Z"}
{"level":"debug","message":"on change file:///Users/asrisail/Documents/Arun/Works/Forked/machine-ui/src/app/natural-language/natural-language.module.ts","timestamp":"2017-11-13T12:22:46.129Z"}
{"level":"debug","message":"on change file:///Users/asrisail/Documents/Arun/Works/Forked/machine-ui/src/app/natural-language/natural-language.module.ts","timestamp":"2017-11-13T12:22:46.720Z"}
{"level":"debug","message":"on change file:///Users/asrisail/Documents/Arun/Works/Forked/machine-ui/src/app/natural-language/natural-language.module.ts","timestamp":"2017-11-13T12:22:47.207Z"}
{"level":"debug","message":"on change file:///Users/asrisail/Documents/Arun/Works/Forked/machine-ui/src/app/natural-language/natural-language.module.ts","timestamp":"2017-11-13T12:22:48.107Z"}
{"level":"debug","message":"on change file:///Users/asrisail/Documents/Arun/Works/Forked/machine-ui/src/app/natural-language/natural-language.module.ts","timestamp":"2017-11-13T12:22:50.654Z"}
{"level":"debug","message":"on change file:///Users/asrisail/Documents/Arun/Works/Forked/machine-ui/src/app/natural-language/natural-language.module.ts","timestamp":"2017-11-13T12:22:51.431Z"}
{"level":"debug","message":"on change file:///Users/asrisail/Documents/Arun/Works/Forked/machine-ui/src/app/natural-language/natural-language.module.ts","timestamp":"2017-11-13T12:22:52.488Z"}
{"level":"debug","message":"on change file:///Users/asrisail/Documents/Arun/Works/Forked/machine-ui/src/app/natural-language/natural-language.module.ts","timestamp":"2017-11-13T12:22:52.826Z"}
{"level":"debug","message":"on change file:///Users/asrisail/Documents/Arun/Works/Forked/machine-ui/src/app/natural-language/natural-language.module.ts","timestamp":"2017-11-13T12:22:54.399Z"}
{"level":"debug","message":"on change file:///Users/asrisail/Documents/Arun/Works/Forked/machine-ui/src/app/natural-language/natural-language.module.ts","timestamp":"2017-11-13T12:22:54.940Z"}
{"level":"debug","message":"on change file:///Users/asrisail/Documents/Arun/Works/Forked/machine-ui/src/app/natural-language/natural-language.module.ts","timestamp":"2017-11-13T12:22:55.199Z"}
{"level":"debug","message":"on change file:///Users/asrisail/Documents/Arun/Works/Forked/machine-ui/src/app/natural-language/natural-language.module.ts","timestamp":"2017-11-13T12:22:56.691Z"}
{"level":"debug","message":"on change file:///Users/asrisail/Documents/Arun/Works/Forked/machine-ui/src/app/natural-language/natural-language.module.ts","timestamp":"2017-11-13T12:22:57.445Z"}
{"level":"debug","message":"on change file:///Users/asrisail/Documents/Arun/Works/Forked/machine-ui/src/app/natural-language/natural-language.module.ts","timestamp":"2017-11-13T12:23:00.048Z"}
{"level":"debug","message":"on change file:///Users/asrisail/Documents/Arun/Works/Forked/machine-ui/src/app/natural-language/natural-language.module.ts","timestamp":"2017-11-13T12:23:01.324Z"}
{"level":"debug","message":"on change file:///Users/asrisail/Documents/Arun/Works/Forked/machine-ui/src/app/natural-language/natural-language.module.ts","timestamp":"2017-11-13T12:23:04.131Z"}
{"level":"debug","message":"on change file:///Users/asrisail/Documents/Arun/Works/Forked/machine-ui/src/app/natural-language/natural-language.module.ts","timestamp":"2017-11-13T12:23:04.390Z"}
{"level":"debug","message":"on change file:///Users/asrisail/Documents/Arun/Works/Forked/machine-ui/src/app/natural-language/natural-language.module.ts","timestamp":"2017-11-13T12:23:07.431Z"}
{"level":"debug","message":"on change file:///Users/asrisail/Documents/Arun/Works/Forked/machine-ui/src/app/natural-language/natural-language.module.ts","timestamp":"2017-11-13T12:23:08.409Z"}
{"level":"debug","message":"on change file:///Users/asrisail/Documents/Arun/Works/Forked/machine-ui/src/app/natural-language/natural-language.module.ts","timestamp":"2017-11-13T12:23:09.509Z"}
{"level":"debug","message":"on change file:///Users/asrisail/Documents/Arun/Works/Forked/machine-ui/src/app/natural-language/natural-language.module.ts","timestamp":"2017-11-13T12:23:09.925Z"}
{"level":"debug","message":"on change file:///Users/asrisail/Documents/Arun/Works/Forked/machine-ui/src/app/natural-language/natural-language.module.ts","timestamp":"2017-11-13T12:23:10.658Z"}
{"level":"debug","message":"on change file:///Users/asrisail/Documents/Arun/Works/Forked/machine-ui/src/app/natural-language/natural-language.module.ts","timestamp":"2017-11-13T12:23:11.877Z"}
{"level":"debug","message":"on change file:///Users/asrisail/Documents/Arun/Works/Forked/machine-ui/src/app/natural-language/natural-language.module.ts","timestamp":"2017-11-13T12:23:14.328Z"}
{"level":"debug","message":"on change file:///Users/asrisail/Documents/Arun/Works/Forked/machine-ui/src/app/natural-language/natural-language.module.ts","timestamp":"2017-11-13T12:23:15.619Z"}
{"level":"debug","message":"on change file:///Users/asrisail/Documents/Arun/Works/Forked/machine-ui/src/app/natural-language/natural-language.module.ts","timestamp":"2017-11-13T12:23:16.097Z"}
{"level":"debug","message":"on change file:///Users/asrisail/Documents/Arun/Works/Forked/machine-ui/src/app/natural-language/natural-language.module.ts","timestamp":"2017-11-13T12:23:16.779Z"}
{"level":"debug","message":"on change file:///Users/asrisail/Documents/Arun/Works/Forked/machine-ui/src/app/natural-language/natural-language.module.ts","timestamp":"2017-11-13T12:23:17.594Z"}
{"level":"debug","message":"on change file:///Users/asrisail/Documents/Arun/Works/Forked/machine-ui/src/app/natural-language/natural-language.module.ts","timestamp":"2017-11-13T12:23:18.021Z"}
{"level":"debug","message":"on change file:///Users/asrisail/Documents/Arun/Works/Forked/machine-ui/src/app/natural-language/natural-language.module.ts","timestamp":"2017-11-13T12:23:18.369Z"}
{"level":"debug","message":"on change file:///Users/asrisail/Documents/Arun/Works/Forked/machine-ui/src/app/natural-language/natural-language.module.ts","timestamp":"2017-11-13T12:23:19.460Z"}
{"level":"debug","message":"on change file:///Users/asrisail/Documents/Arun/Works/Forked/machine-ui/src/app/natural-language/natural-language.module.ts","timestamp":"2017-11-13T12:23:20.850Z"}
{"level":"debug","message":"on change file:///Users/asrisail/Documents/Arun/Works/Forked/machine-ui/src/app/natural-language/natural-language.module.ts","timestamp":"2017-11-13T12:23:21.288Z"}
{"level":"debug","message":"on change file:///Users/asrisail/Documents/Arun/Works/Forked/machine-ui/src/app/natural-language/natural-language.module.ts","timestamp":"2017-11-13T12:23:22.283Z"}
{"level":"debug","message":"on change file:///Users/asrisail/Documents/Arun/Works/Forked/machine-ui/src/app/natural-language/natural-language.module.ts","timestamp":"2017-11-13T12:23:22.828Z"}
{"level":"debug","message":"on change file:///Users/asrisail/Documents/Arun/Works/Forked/machine-ui/src/app/natural-language/natural-language.module.ts","timestamp":"2017-11-13T12:23:23.638Z"}
{"level":"debug","message":"on change file:///Users/asrisail/Documents/Arun/Works/Forked/machine-ui/src/app/natural-language/natural-language.module.ts","timestamp":"2017-11-13T12:23:28.973Z"}
{"level":"debug","message":"on change file:///Users/asrisail/Documents/Arun/Works/Forked/machine-ui/src/app/natural-language/natural-language.module.ts","timestamp":"2017-11-13T12:23:29.796Z"}
{"level":"debug","message":"on change file:///Users/asrisail/Documents/Arun/Works/Forked/machine-ui/src/app/natural-language/natural-language.module.ts","timestamp":"2017-11-13T12:23:32.627Z"}
{"level":"debug","message":"on change file:///Users/asrisail/Documents/Arun/Works/Forked/machine-ui/src/app/natural-language/natural-language.module.ts","timestamp":"2017-11-13T12:23:32.991Z"}
{"level":"debug","message":"on change file:///Users/asrisail/Documents/Arun/Works/Forked/machine-ui/src/app/natural-language/natural-language.module.ts","timestamp":"2017-11-13T12:23:33.799Z"}
{"level":"debug","message":"on change file:///Users/asrisail/Documents/Arun/Works/Forked/machine-ui/src/app/natural-language/natural-language.module.ts","timestamp":"2017-11-13T12:23:34.015Z"}
{"level":"debug","message":"on change file:///Users/asrisail/Documents/Arun/Works/Forked/machine-ui/src/app/natural-language/natural-language.module.ts","timestamp":"2017-11-13T12:23:34.361Z"}
{"level":"debug","message":"on file open git:/Users/asrisail/Documents/Arun/Works/Forked/machine-ui/src/app/natural-language/natural-language.component.ts","timestamp":"2017-11-13T12:23:39.680Z"}
{"level":"debug","message":"on change git:/Users/asrisail/Documents/Arun/Works/Forked/machine-ui/src/app/natural-language/natural-language.component.ts","timestamp":"2017-11-13T12:23:39.915Z"}
{"level":"debug","message":"on change file:///Users/asrisail/Documents/Arun/Works/Forked/machine-ui/src/app/natural-language/natural-language.component.ts","timestamp":"2017-11-13T12:23:40.514Z"}
{"level":"debug","message":"on change file:///Users/asrisail/Documents/Arun/Works/Forked/machine-ui/src/app/natural-language/natural-language.component.ts","timestamp":"2017-11-13T12:23:43.765Z"}
{"level":"debug","message":"on change file:///Users/asrisail/Documents/Arun/Works/Forked/machine-ui/src/app/natural-language/natural-language.component.ts","timestamp":"2017-11-13T12:23:44.829Z"}
{"level":"debug","message":"on change file:///Users/asrisail/Documents/Arun/Works/Forked/machine-ui/src/app/natural-language/natural-language.component.ts","timestamp":"2017-11-13T12:23:48.082Z"}
{"level":"debug","message":"on change file:///Users/asrisail/Documents/Arun/Works/Forked/machine-ui/src/app/natural-language/natural-language.component.ts","timestamp":"2017-11-13T12:23:48.325Z"}
{"level":"debug","message":"on change file:///Users/asrisail/Documents/Arun/Works/Forked/machine-ui/src/app/natural-language/natural-language.component.ts","timestamp":"2017-11-13T12:23:48.917Z"}
{"level":"debug","message":"on change file:///Users/asrisail/Documents/Arun/Works/Forked/machine-ui/src/app/natural-language/natural-language.component.ts","timestamp":"2017-11-13T12:23:49.634Z"}
{"level":"debug","message":"on change file:///Users/asrisail/Documents/Arun/Works/Forked/machine-ui/src/app/natural-language/natural-language.component.ts","timestamp":"2017-11-13T12:23:52.253Z"}
{"level":"debug","message":"on change file:///Users/asrisail/Documents/Arun/Works/Forked/machine-ui/src/app/natural-language/natural-language.component.ts","timestamp":"2017-11-13T12:23:55.419Z"}
{"level":"debug","message":"on change file:///Users/asrisail/Documents/Arun/Works/Forked/machine-ui/src/app/natural-language/natural-language.component.ts","timestamp":"2017-11-13T12:24:00.111Z"}
{"level":"debug","message":"on change file:///Users/asrisail/Documents/Arun/Works/Forked/machine-ui/src/app/natural-language/natural-language.component.ts","timestamp":"2017-11-13T12:24:00.526Z"}
{"level":"debug","message":"on change file:///Users/asrisail/Documents/Arun/Works/Forked/machine-ui/src/app/natural-language/natural-language.component.ts","timestamp":"2017-11-13T12:24:00.952Z"}
{"level":"debug","message":"on change file:///Users/asrisail/Documents/Arun/Works/Forked/machine-ui/src/app/natural-language/natural-language.component.ts","timestamp":"2017-11-13T12:24:01.359Z"}
{"level":"debug","message":"on change file:///Users/asrisail/Documents/Arun/Works/Forked/machine-ui/src/app/natural-language/natural-language.component.ts","timestamp":"2017-11-13T12:24:01.879Z"}
{"level":"debug","message":"on change file:///Users/asrisail/Documents/Arun/Works/Forked/machine-ui/src/app/natural-language/natural-language.component.ts","timestamp":"2017-11-13T12:24:02.627Z"}
{"level":"debug","message":"on change file:///Users/asrisail/Documents/Arun/Works/Forked/machine-ui/src/app/natural-language/natural-language.component.ts","timestamp":"2017-11-13T12:24:03.239Z"}
{"level":"debug","message":"on change file:///Users/asrisail/Documents/Arun/Works/Forked/machine-ui/src/app/natural-language/natural-language.component.ts","timestamp":"2017-11-13T12:24:03.491Z"}
{"level":"debug","message":"on change file:///Users/asrisail/Documents/Arun/Works/Forked/machine-ui/src/app/natural-language/natural-language.component.ts","timestamp":"2017-11-13T12:24:03.956Z"}
{"level":"debug","message":"on change file:///Users/asrisail/Documents/Arun/Works/Forked/machine-ui/src/app/natural-language/natural-language.component.ts","timestamp":"2017-11-13T12:24:04.580Z"}
{"level":"debug","message":"on change file:///Users/asrisail/Documents/Arun/Works/Forked/machine-ui/src/app/natural-language/natural-language.component.ts","timestamp":"2017-11-13T12:24:04.989Z"}
{"level":"debug","message":"on change file:///Users/asrisail/Documents/Arun/Works/Forked/machine-ui/src/app/natural-language/natural-language.component.ts","timestamp":"2017-11-13T12:24:05.257Z"}
{"level":"debug","message":"on change file:///Users/asrisail/Documents/Arun/Works/Forked/machine-ui/src/app/natural-language/natural-language.component.ts","timestamp":"2017-11-13T12:24:06.226Z"}
{"level":"debug","message":"on change file:///Users/asrisail/Documents/Arun/Works/Forked/machine-ui/src/app/natural-language/natural-language.component.ts","timestamp":"2017-11-13T12:24:06.588Z"}
{"level":"debug","message":"on change file:///Users/asrisail/Documents/Arun/Works/Forked/machine-ui/src/app/natural-language/natural-language.component.ts","timestamp":"2017-11-13T12:24:59.816Z"}
{"level":"debug","message":"on change file:///Users/asrisail/Documents/Arun/Works/Forked/machine-ui/src/app/natural-language/natural-language.component.ts","timestamp":"2017-11-13T12:25:00.789Z"}
{"level":"debug","message":"on change file:///Users/asrisail/Documents/Arun/Works/Forked/machine-ui/src/app/natural-language/natural-language.component.ts","timestamp":"2017-11-13T12:25:01.718Z"}
{"level":"debug","message":"on change file:///Users/asrisail/Documents/Arun/Works/Forked/machine-ui/src/app/natural-language/natural-language.component.ts","timestamp":"2017-11-13T12:25:02.842Z"}
{"level":"debug","message":"on change file:///Users/asrisail/Documents/Arun/Works/Forked/machine-ui/src/app/natural-language/natural-language.component.ts","timestamp":"2017-11-13T12:25:03.986Z"}
{"level":"debug","message":"on change file:///Users/asrisail/Documents/Arun/Works/Forked/machine-ui/src/app/natural-language/natural-language.component.ts","timestamp":"2017-11-13T12:25:04.461Z"}
{"level":"debug","message":"on change file:///Users/asrisail/Documents/Arun/Works/Forked/machine-ui/src/app/natural-language/natural-language.component.ts","timestamp":"2017-11-13T12:25:04.941Z"}
{"level":"debug","message":"on change file:///Users/asrisail/Documents/Arun/Works/Forked/machine-ui/src/app/natural-language/natural-language.component.ts","timestamp":"2017-11-13T12:25:06.089Z"}
{"level":"debug","message":"on change file:///Users/asrisail/Documents/Arun/Works/Forked/machine-ui/src/app/natural-language/natural-language.component.ts","timestamp":"2017-11-13T12:25:06.590Z"}
{"level":"debug","message":"on change file:///Users/asrisail/Documents/Arun/Works/Forked/machine-ui/src/app/natural-language/natural-language.component.ts","timestamp":"2017-11-13T12:25:07.064Z"}
{"level":"debug","message":"on change file:///Users/asrisail/Documents/Arun/Works/Forked/machine-ui/src/app/natural-language/natural-language.component.ts","timestamp":"2017-11-13T12:25:07.436Z"}
{"level":"debug","message":"on change file:///Users/asrisail/Documents/Arun/Works/Forked/machine-ui/src/app/natural-language/natural-language.component.ts","timestamp":"2017-11-13T12:25:08.474Z"}
{"level":"debug","message":"on change file:///Users/asrisail/Documents/Arun/Works/Forked/machine-ui/src/app/natural-language/natural-language.component.ts","timestamp":"2017-11-13T12:25:09.013Z"}
{"level":"debug","message":"on change file:///Users/asrisail/Documents/Arun/Works/Forked/machine-ui/src/app/natural-language/natural-language.component.ts","timestamp":"2017-11-13T12:25:09.774Z"}
{"level":"debug","message":"on change file:///Users/asrisail/Documents/Arun/Works/Forked/machine-ui/src/app/natural-language/natural-language.component.ts","timestamp":"2017-11-13T12:25:10.281Z"}
{"level":"debug","message":"on change file:///Users/asrisail/Documents/Arun/Works/Forked/machine-ui/src/app/natural-language/natural-language.component.ts","timestamp":"2017-11-13T12:25:10.956Z"}
{"level":"debug","message":"on change file:///Users/asrisail/Documents/Arun/Works/Forked/machine-ui/src/app/natural-language/natural-language.component.ts","timestamp":"2017-11-13T12:25:11.538Z"}
{"level":"debug","message":"on change file:///Users/asrisail/Documents/Arun/Works/Forked/machine-ui/src/app/natural-language/natural-language.component.ts","timestamp":"2017-11-13T12:25:11.793Z"}
{"level":"debug","message":"on change file:///Users/asrisail/Documents/Arun/Works/Forked/machine-ui/src/app/natural-language/natural-language.component.ts","timestamp":"2017-11-13T12:25:12.059Z"}
{"level":"debug","message":"on change file:///Users/asrisail/Documents/Arun/Works/Forked/machine-ui/src/app/natural-language/natural-language.component.ts","timestamp":"2017-11-13T12:25:12.520Z"}
{"level":"debug","message":"on change file:///Users/asrisail/Documents/Arun/Works/Forked/machine-ui/src/app/natural-language/natural-language.component.ts","timestamp":"2017-11-13T12:25:13.040Z"}
{"level":"debug","message":"on change file:///Users/asrisail/Documents/Arun/Works/Forked/machine-ui/src/app/natural-language/natural-language.component.ts","timestamp":"2017-11-13T12:25:14.599Z"}
{"level":"debug","message":"on change file:///Users/asrisail/Documents/Arun/Works/Forked/machine-ui/src/app/natural-language/natural-language.component.ts","timestamp":"2017-11-13T12:25:15.004Z"}
{"level":"debug","message":"on change file:///Users/asrisail/Documents/Arun/Works/Forked/machine-ui/src/app/natural-language/natural-language.component.ts","timestamp":"2017-11-13T12:25:16.204Z"}
{"level":"debug","message":"on change file:///Users/asrisail/Documents/Arun/Works/Forked/machine-ui/src/app/natural-language/natural-language.component.ts","timestamp":"2017-11-13T12:25:17.541Z"}
{"level":"debug","message":"on change file:///Users/asrisail/Documents/Arun/Works/Forked/machine-ui/src/app/natural-language/natural-language.component.ts","timestamp":"2017-11-13T12:25:18.115Z"}
{"level":"debug","message":"on change file:///Users/asrisail/Documents/Arun/Works/Forked/machine-ui/src/app/natural-language/natural-language.component.ts","timestamp":"2017-11-13T12:25:19.040Z"}
{"level":"debug","message":"on change file:///Users/asrisail/Documents/Arun/Works/Forked/machine-ui/src/app/natural-language/natural-language.component.ts","timestamp":"2017-11-13T12:25:20.065Z"}
{"level":"debug","message":"on change file:///Users/asrisail/Documents/Arun/Works/Forked/machine-ui/src/app/natural-language/natural-language.component.ts","timestamp":"2017-11-13T12:25:21.798Z"}
{"level":"debug","message":"on change file:///Users/asrisail/Documents/Arun/Works/Forked/machine-ui/src/app/natural-language/natural-language.component.ts","timestamp":"2017-11-13T12:25:22.198Z"}
{"level":"debug","message":"on change file:///Users/asrisail/Documents/Arun/Works/Forked/machine-ui/src/app/natural-language/natural-language.component.ts","timestamp":"2017-11-13T12:25:24.180Z"}
{"level":"debug","message":"on change file:///Users/asrisail/Documents/Arun/Works/Forked/machine-ui/src/app/natural-language/natural-language.component.ts","timestamp":"2017-11-13T12:25:24.764Z"}
{"level":"debug","message":"on change file:///Users/asrisail/Documents/Arun/Works/Forked/machine-ui/src/app/natural-language/natural-language.component.ts","timestamp":"2017-11-13T12:25:25.281Z"}
{"level":"debug","message":"on change file:///Users/asrisail/Documents/Arun/Works/Forked/machine-ui/src/app/natural-language/natural-language.component.ts","timestamp":"2017-11-13T12:25:25.590Z"}
{"level":"debug","message":"on change file:///Users/asrisail/Documents/Arun/Works/Forked/machine-ui/src/app/natural-language/natural-language.component.ts","timestamp":"2017-11-13T12:25:25.960Z"}
{"level":"debug","message":"on change file:///Users/asrisail/Documents/Arun/Works/Forked/machine-ui/src/app/natural-language/natural-language.component.ts","timestamp":"2017-11-13T12:25:31.197Z"}
{"level":"debug","message":"on change file:///Users/asrisail/Documents/Arun/Works/Forked/machine-ui/src/app/natural-language/natural-language.component.ts","timestamp":"2017-11-13T12:25:32.665Z"}
{"level":"debug","message":"on change file:///Users/asrisail/Documents/Arun/Works/Forked/machine-ui/src/app/natural-language/natural-language.component.ts","timestamp":"2017-11-13T12:25:33.072Z"}
{"level":"debug","message":"on change file:///Users/asrisail/Documents/Arun/Works/Forked/machine-ui/src/app/natural-language/natural-language.component.ts","timestamp":"2017-11-13T12:25:33.464Z"}
{"level":"debug","message":"on change file:///Users/asrisail/Documents/Arun/Works/Forked/machine-ui/src/app/natural-language/natural-language.component.ts","timestamp":"2017-11-13T12:25:33.975Z"}
{"level":"debug","message":"on change file:///Users/asrisail/Documents/Arun/Works/Forked/machine-ui/src/app/natural-language/natural-language.component.ts","timestamp":"2017-11-13T12:25:34.637Z"}
{"level":"debug","message":"on change file:///Users/asrisail/Documents/Arun/Works/Forked/machine-ui/src/app/natural-language/natural-language.component.ts","timestamp":"2017-11-13T12:26:14.143Z"}
{"level":"debug","message":"on change file:///Users/asrisail/Documents/Arun/Works/Forked/machine-ui/src/app/natural-language/natural-language.component.ts","timestamp":"2017-11-13T12:26:15.144Z"}
{"level":"debug","message":"on change file:///Users/asrisail/Documents/Arun/Works/Forked/machine-ui/src/app/natural-language/natural-language.component.ts","timestamp":"2017-11-13T12:26:16.462Z"}
{"level":"debug","message":"on change file:///Users/asrisail/Documents/Arun/Works/Forked/machine-ui/src/app/natural-language/natural-language.component.ts","timestamp":"2017-11-13T12:26:16.729Z"}
{"level":"debug","message":"on save file:///Users/asrisail/Documents/Arun/Works/Forked/machine-ui/src/app/natural-language/natural-language.component.ts","timestamp":"2017-11-13T12:26:18.934Z"}
{"level":"debug","message":"on change git:/Users/asrisail/Documents/Arun/Works/Forked/machine-ui/src/app/natural-language/natural-language.component.ts","timestamp":"2017-11-13T12:26:20.935Z"}
{"level":"debug","message":"on file open git:/Users/asrisail/Documents/Arun/Works/Forked/machine-ui/src/app/natural-language/natural-language.component.less","timestamp":"2017-11-13T12:26:21.547Z"}
{"level":"debug","message":"on change git:/Users/asrisail/Documents/Arun/Works/Forked/machine-ui/src/app/natural-language/natural-language.component.less","timestamp":"2017-11-13T12:26:21.781Z"}
{"level":"debug","message":"on change file:///Users/asrisail/Documents/Arun/Works/Forked/machine-ui/src/app/natural-language/natural-language.component.less","timestamp":"2017-11-13T12:26:22.841Z"}
{"level":"debug","message":"on change file:///Users/asrisail/Documents/Arun/Works/Forked/machine-ui/src/app/natural-language/natural-language.component.less","timestamp":"2017-11-13T12:26:31.307Z"}
{"level":"debug","message":"on change file:///Users/asrisail/Documents/Arun/Works/Forked/machine-ui/src/app/natural-language/natural-language.component.less","timestamp":"2017-11-13T12:26:32.273Z"}
{"level":"debug","message":"on change file:///Users/asrisail/Documents/Arun/Works/Forked/machine-ui/src/app/natural-language/natural-language.component.less","timestamp":"2017-11-13T12:26:32.781Z"}
{"level":"debug","message":"on change file:///Users/asrisail/Documents/Arun/Works/Forked/machine-ui/src/app/natural-language/natural-language.component.less","timestamp":"2017-11-13T12:26:33.159Z"}
{"level":"debug","message":"on change file:///Users/asrisail/Documents/Arun/Works/Forked/machine-ui/src/app/natural-language/natural-language.component.less","timestamp":"2017-11-13T12:26:33.520Z"}
{"level":"debug","message":"on change file:///Users/asrisail/Documents/Arun/Works/Forked/machine-ui/src/app/natural-language/natural-language.component.less","timestamp":"2017-11-13T12:26:34.092Z"}
{"level":"debug","message":"on change file:///Users/asrisail/Documents/Arun/Works/Forked/machine-ui/src/app/natural-language/natural-language.component.less","timestamp":"2017-11-13T12:26:34.499Z"}
{"level":"debug","message":"on change file:///Users/asrisail/Documents/Arun/Works/Forked/machine-ui/src/app/natural-language/natural-language.component.less","timestamp":"2017-11-13T12:26:34.706Z"}
{"level":"debug","message":"on change file:///Users/asrisail/Documents/Arun/Works/Forked/machine-ui/src/app/natural-language/natural-language.component.less","timestamp":"2017-11-13T12:26:35.268Z"}
{"level":"debug","message":"on change file:///Users/asrisail/Documents/Arun/Works/Forked/machine-ui/src/app/natural-language/natural-language.component.less","timestamp":"2017-11-13T12:26:35.616Z"}
{"level":"debug","message":"on change file:///Users/asrisail/Documents/Arun/Works/Forked/machine-ui/src/app/natural-language/natural-language.component.less","timestamp":"2017-11-13T12:26:35.893Z"}
{"level":"debug","message":"on change file:///Users/asrisail/Documents/Arun/Works/Forked/machine-ui/src/app/natural-language/natural-language.component.less","timestamp":"2017-11-13T12:26:36.622Z"}
{"level":"debug","message":"on save file:///Users/asrisail/Documents/Arun/Works/Forked/machine-ui/src/app/natural-language/natural-language.component.less","timestamp":"2017-11-13T12:26:37.288Z"}
{"level":"debug","message":"on change git:/Users/asrisail/Documents/Arun/Works/Forked/machine-ui/src/app/natural-language/natural-language.component.less","timestamp":"2017-11-13T12:26:39.565Z"}
{"level":"debug","message":"on change git:/Users/asrisail/Documents/Arun/Works/Forked/machine-ui/src/app/natural-language/natural-language.component.less","timestamp":"2017-11-13T12:26:46.769Z"}
{"level":"debug","message":"on file open git:/Users/asrisail/Documents/Arun/Works/Forked/machine-ui/src/app/natural-language/natural-language.module.ts","timestamp":"2017-11-13T12:26:48.900Z"}
{"level":"debug","message":"on change git:/Users/asrisail/Documents/Arun/Works/Forked/machine-ui/src/app/natural-language/natural-language.module.ts","timestamp":"2017-11-13T12:26:49.133Z"}
{"level":"debug","message":"on file open git:/Users/asrisail/Documents/Arun/Works/Forked/machine-ui/src/app/natural-language/natural-language.component.ts","timestamp":"2017-11-13T12:26:52.221Z"}
{"level":"debug","message":"on change git:/Users/asrisail/Documents/Arun/Works/Forked/machine-ui/src/app/natural-language/natural-language.component.ts","timestamp":"2017-11-13T12:26:52.454Z"}
{"level":"debug","message":"on file open git:/Users/asrisail/Documents/Arun/Works/Forked/machine-ui/src/app/natural-language/natural-language.module.ts","timestamp":"2017-11-13T12:26:54.863Z"}
{"level":"debug","message":"on change git:/Users/asrisail/Documents/Arun/Works/Forked/machine-ui/src/app/natural-language/natural-language.module.ts","timestamp":"2017-11-13T12:26:55.092Z"}
{"level":"debug","message":"on change file:///Users/asrisail/Documents/Arun/Works/Forked/machine-ui/src/app/natural-language/natural-language.module.ts","timestamp":"2017-11-13T12:26:56.149Z"}
{"level":"debug","message":"on change file:///Users/asrisail/Documents/Arun/Works/Forked/machine-ui/src/app/natural-language/natural-language.module.ts","timestamp":"2017-11-13T12:26:57.430Z"}
{"level":"debug","message":"on change file:///Users/asrisail/Documents/Arun/Works/Forked/machine-ui/src/app/natural-language/natural-language.module.ts","timestamp":"2017-11-13T12:26:58.530Z"}
{"level":"debug","message":"on change file:///Users/asrisail/Documents/Arun/Works/Forked/machine-ui/src/app/natural-language/natural-language.module.ts","timestamp":"2017-11-13T12:26:58.967Z"}
{"level":"debug","message":"on change file:///Users/asrisail/Documents/Arun/Works/Forked/machine-ui/src/app/natural-language/natural-language.module.ts","timestamp":"2017-11-13T12:26:59.643Z"}
{"level":"debug","message":"on change file:///Users/asrisail/Documents/Arun/Works/Forked/machine-ui/src/app/natural-language/natural-language.module.ts","timestamp":"2017-11-13T12:27:00.208Z"}
{"level":"debug","message":"on change file:///Users/asrisail/Documents/Arun/Works/Forked/machine-ui/src/app/natural-language/natural-language.module.ts","timestamp":"2017-11-13T12:27:00.773Z"}
{"level":"debug","message":"on change file:///Users/asrisail/Documents/Arun/Works/Forked/machine-ui/src/app/natural-language/natural-language.module.ts","timestamp":"2017-11-13T12:27:01.908Z"}
{"level":"debug","message":"on change file:///Users/asrisail/Documents/Arun/Works/Forked/machine-ui/src/app/natural-language/natural-language.module.ts","timestamp":"2017-11-13T12:27:02.533Z"}
{"level":"debug","message":"on change file:///Users/asrisail/Documents/Arun/Works/Forked/machine-ui/src/app/natural-language/natural-language.module.ts","timestamp":"2017-11-13T12:27:03.247Z"}
{"level":"debug","message":"on change file:///Users/asrisail/Documents/Arun/Works/Forked/machine-ui/src/app/natural-language/natural-language.module.ts","timestamp":"2017-11-13T12:27:03.640Z"}
{"level":"debug","message":"on change file:///Users/asrisail/Documents/Arun/Works/Forked/machine-ui/src/app/natural-language/natural-language.module.ts","timestamp":"2017-11-13T12:27:04.676Z"}
{"level":"debug","message":"on change file:///Users/asrisail/Documents/Arun/Works/Forked/machine-ui/src/app/natural-language/natural-language.module.ts","timestamp":"2017-11-13T12:27:05.541Z"}
{"level":"debug","message":"on save file:///Users/asrisail/Documents/Arun/Works/Forked/machine-ui/src/app/natural-language/natural-language.module.ts","timestamp":"2017-11-13T12:27:15.149Z"}
{"level":"debug","message":"on change git:/Users/asrisail/Documents/Arun/Works/Forked/machine-ui/src/app/natural-language/natural-language.module.ts","timestamp":"2017-11-13T12:27:16.637Z"}
{"level":"debug","message":"on change file:///Users/asrisail/Documents/Arun/Works/Forked/machine-ui/src/app/natural-language/natural-language.module.ts","timestamp":"2017-11-13T12:27:25.676Z"}
{"level":"debug","message":"on change file:///Users/asrisail/Documents/Arun/Works/Forked/machine-ui/src/app/natural-language/natural-language.module.ts","timestamp":"2017-11-13T12:27:26.130Z"}
{"level":"debug","message":"on change file:///Users/asrisail/Documents/Arun/Works/Forked/machine-ui/src/app/natural-language/natural-language.module.ts","timestamp":"2017-11-13T12:27:26.722Z"}
{"level":"debug","message":"on change file:///Users/asrisail/Documents/Arun/Works/Forked/machine-ui/src/app/natural-language/natural-language.module.ts","timestamp":"2017-11-13T12:27:27.457Z"}
{"level":"debug","message":"on change file:///Users/asrisail/Documents/Arun/Works/Forked/machine-ui/src/app/natural-language/natural-language.module.ts","timestamp":"2017-11-13T12:27:28.269Z"}
{"level":"debug","message":"on change file:///Users/asrisail/Documents/Arun/Works/Forked/machine-ui/src/app/natural-language/natural-language.module.ts","timestamp":"2017-11-13T12:27:28.746Z"}
{"level":"debug","message":"on change file:///Users/asrisail/Documents/Arun/Works/Forked/machine-ui/src/app/natural-language/natural-language.module.ts","timestamp":"2017-11-13T12:27:29.353Z"}
{"level":"debug","message":"on change file:///Users/asrisail/Documents/Arun/Works/Forked/machine-ui/src/app/natural-language/natural-language.module.ts","timestamp":"2017-11-13T12:27:30.206Z"}
{"level":"debug","message":"on change file:///Users/asrisail/Documents/Arun/Works/Forked/machine-ui/src/app/natural-language/natural-language.module.ts","timestamp":"2017-11-13T12:27:30.827Z"}
{"level":"debug","message":"on change file:///Users/asrisail/Documents/Arun/Works/Forked/machine-ui/src/app/natural-language/natural-language.module.ts","timestamp":"2017-11-13T12:27:31.195Z"}
{"level":"debug","message":"on change file:///Users/asrisail/Documents/Arun/Works/Forked/machine-ui/src/app/natural-language/natural-language.module.ts","timestamp":"2017-11-13T12:27:32.201Z"}
{"level":"debug","message":"on change file:///Users/asrisail/Documents/Arun/Works/Forked/machine-ui/src/app/natural-language/natural-language.module.ts","timestamp":"2017-11-13T12:27:32.679Z"}
{"level":"debug","message":"on change file:///Users/asrisail/Documents/Arun/Works/Forked/machine-ui/src/app/natural-language/natural-language.module.ts","timestamp":"2017-11-13T12:27:33.960Z"}
{"level":"debug","message":"on save file:///Users/asrisail/Documents/Arun/Works/Forked/machine-ui/src/app/natural-language/natural-language.module.ts","timestamp":"2017-11-13T12:27:35.501Z"}
{"level":"debug","message":"on file open git:/Users/asrisail/Documents/Arun/Works/Forked/machine-ui/src/app/natural-language/natural-language.component.ts","timestamp":"2017-11-13T12:27:37.281Z"}
{"level":"debug","message":"on change git:/Users/asrisail/Documents/Arun/Works/Forked/machine-ui/src/app/natural-language/natural-language.component.ts","timestamp":"2017-11-13T12:27:37.516Z"}
{"level":"debug","message":"on file open git:/Users/asrisail/Documents/Arun/Works/Forked/machine-ui/src/app/natural-language/natural-language.component.html","timestamp":"2017-11-13T12:27:39.265Z"}
{"level":"debug","message":"on change git:/Users/asrisail/Documents/Arun/Works/Forked/machine-ui/src/app/natural-language/natural-language.component.html","timestamp":"2017-11-13T12:27:39.497Z"}
{"level":"debug","message":"on change file:///Users/asrisail/Documents/Arun/Works/Forked/machine-ui/src/app/natural-language/natural-language.component.html","timestamp":"2017-11-13T12:27:41.186Z"}
{"level":"debug","message":"on change file:///Users/asrisail/Documents/Arun/Works/Forked/machine-ui/src/app/natural-language/natural-language.component.html","timestamp":"2017-11-13T12:27:41.585Z"}
{"level":"debug","message":"on change file:///Users/asrisail/Documents/Arun/Works/Forked/machine-ui/src/app/natural-language/natural-language.component.html","timestamp":"2017-11-13T12:27:41.861Z"}
{"level":"debug","message":"on change file:///Users/asrisail/Documents/Arun/Works/Forked/machine-ui/src/app/natural-language/natural-language.component.html","timestamp":"2017-11-13T12:27:42.225Z"}
{"level":"debug","message":"on change file:///Users/asrisail/Documents/Arun/Works/Forked/machine-ui/src/app/natural-language/natural-language.component.html","timestamp":"2017-11-13T12:27:42.992Z"}
{"level":"debug","message":"on change file:///Users/asrisail/Documents/Arun/Works/Forked/machine-ui/src/app/natural-language/natural-language.component.html","timestamp":"2017-11-13T12:27:43.452Z"}
{"level":"debug","message":"on change file:///Users/asrisail/Documents/Arun/Works/Forked/machine-ui/src/app/natural-language/natural-language.component.html","timestamp":"2017-11-13T12:27:44.609Z"}
{"level":"debug","message":"on change file:///Users/asrisail/Documents/Arun/Works/Forked/machine-ui/src/app/natural-language/natural-language.component.html","timestamp":"2017-11-13T12:27:45.345Z"}
{"level":"debug","message":"on change file:///Users/asrisail/Documents/Arun/Works/Forked/machine-ui/src/app/natural-language/natural-language.component.html","timestamp":"2017-11-13T12:27:45.814Z"}
{"level":"debug","message":"on change file:///Users/asrisail/Documents/Arun/Works/Forked/machine-ui/src/app/natural-language/natural-language.component.html","timestamp":"2017-11-13T12:27:46.348Z"}
{"level":"debug","message":"on change file:///Users/asrisail/Documents/Arun/Works/Forked/machine-ui/src/app/natural-language/natural-language.component.html","timestamp":"2017-11-13T12:27:46.613Z"}
{"level":"debug","message":"on change file:///Users/asrisail/Documents/Arun/Works/Forked/machine-ui/src/app/natural-language/natural-language.component.html","timestamp":"2017-11-13T12:27:47.029Z"}
{"level":"debug","message":"on change file:///Users/asrisail/Documents/Arun/Works/Forked/machine-ui/src/app/natural-language/natural-language.component.html","timestamp":"2017-11-13T12:27:48.257Z"}
{"level":"debug","message":"on change file:///Users/asrisail/Documents/Arun/Works/Forked/machine-ui/src/app/natural-language/natural-language.component.html","timestamp":"2017-11-13T12:27:48.997Z"}
{"level":"debug","message":"on change file:///Users/asrisail/Documents/Arun/Works/Forked/machine-ui/src/app/natural-language/natural-language.component.html","timestamp":"2017-11-13T12:27:49.922Z"}
{"level":"debug","message":"on change file:///Users/asrisail/Documents/Arun/Works/Forked/machine-ui/src/app/natural-language/natural-language.component.html","timestamp":"2017-11-13T12:27:51.575Z"}
{"level":"debug","message":"on save file:///Users/asrisail/Documents/Arun/Works/Forked/machine-ui/src/app/natural-language/natural-language.component.html","timestamp":"2017-11-13T12:27:53.629Z"}
{"level":"debug","message":"on change git:/Users/asrisail/Documents/Arun/Works/Forked/machine-ui/src/app/natural-language/natural-language.component.html","timestamp":"2017-11-13T12:27:55.658Z"}
{"level":"debug","message":"on file open file:///Users/asrisail/Documents/Arun/Works/Forked/machine-ui/angular-cli.json","timestamp":"2017-11-13T12:28:05.906Z"}
{"level":"debug","message":"on file open git:/Users/asrisail/Documents/Arun/Works/Forked/machine-ui/angular-cli.json","timestamp":"2017-11-13T12:28:05.907Z"}
{"level":"debug","message":"on change git:/Users/asrisail/Documents/Arun/Works/Forked/machine-ui/angular-cli.json","timestamp":"2017-11-13T12:28:06.107Z"}
{"level":"debug","message":"on change file:///Users/asrisail/Documents/Arun/Works/Forked/machine-ui/angular-cli.json","timestamp":"2017-11-13T12:28:21.255Z"}
{"level":"debug","message":"on change file:///Users/asrisail/Documents/Arun/Works/Forked/machine-ui/angular-cli.json","timestamp":"2017-11-13T12:28:21.516Z"}
{"level":"debug","message":"on change file:///Users/asrisail/Documents/Arun/Works/Forked/machine-ui/angular-cli.json","timestamp":"2017-11-13T12:28:28.479Z"}
{"level":"debug","message":"on change file:///Users/asrisail/Documents/Arun/Works/Forked/machine-ui/angular-cli.json","timestamp":"2017-11-13T12:28:29.191Z"}
{"level":"debug","message":"on change file:///Users/asrisail/Documents/Arun/Works/Forked/machine-ui/angular-cli.json","timestamp":"2017-11-13T12:28:29.541Z"}
{"level":"debug","message":"on change file:///Users/asrisail/Documents/Arun/Works/Forked/machine-ui/angular-cli.json","timestamp":"2017-11-13T12:28:30.338Z"}
{"level":"debug","message":"on change file:///Users/asrisail/Documents/Arun/Works/Forked/machine-ui/angular-cli.json","timestamp":"2017-11-13T12:28:30.580Z"}
{"level":"debug","message":"on save file:///Users/asrisail/Documents/Arun/Works/Forked/machine-ui/angular-cli.json","timestamp":"2017-11-13T12:28:31.281Z"}
{"level":"debug","message":"on change git:/Users/asrisail/Documents/Arun/Works/Forked/machine-ui/angular-cli.json","timestamp":"2017-11-13T12:28:33.311Z"}
{"level":"debug","message":"on change file:///Users/asrisail/Documents/Arun/Works/Forked/machine-ui/angular-cli.json","timestamp":"2017-11-13T12:29:02.654Z"}
{"level":"debug","message":"on change file:///Users/asrisail/Documents/Arun/Works/Forked/machine-ui/angular-cli.json","timestamp":"2017-11-13T12:29:04.687Z"}
{"level":"debug","message":"on change file:///Users/asrisail/Documents/Arun/Works/Forked/machine-ui/angular-cli.json","timestamp":"2017-11-13T12:29:05.393Z"}
{"level":"debug","message":"on change file:///Users/asrisail/Documents/Arun/Works/Forked/machine-ui/angular-cli.json","timestamp":"2017-11-13T12:29:08.891Z"}
{"level":"debug","message":"on change file:///Users/asrisail/Documents/Arun/Works/Forked/machine-ui/angular-cli.json","timestamp":"2017-11-13T12:29:09.126Z"}
{"level":"debug","message":"on change file:///Users/asrisail/Documents/Arun/Works/Forked/machine-ui/angular-cli.json","timestamp":"2017-11-13T12:29:09.444Z"}
{"level":"debug","message":"on change file:///Users/asrisail/Documents/Arun/Works/Forked/machine-ui/angular-cli.json","timestamp":"2017-11-13T12:29:10.154Z"}
{"level":"debug","message":"on change file:///Users/asrisail/Documents/Arun/Works/Forked/machine-ui/angular-cli.json","timestamp":"2017-11-13T12:29:10.398Z"}
{"level":"debug","message":"on change file:///Users/asrisail/Documents/Arun/Works/Forked/machine-ui/angular-cli.json","timestamp":"2017-11-13T12:29:10.984Z"}
{"level":"debug","message":"on save file:///Users/asrisail/Documents/Arun/Works/Forked/machine-ui/angular-cli.json","timestamp":"2017-11-13T12:29:12.830Z"}
{"level":"debug","message":"on file open file:///Users/asrisail/Documents/Arun/Works/Forked/machine-ui/src/app/app.component.css","timestamp":"2017-11-13T12:29:13.571Z"}
{"level":"debug","message":"on file open git:/Users/asrisail/Documents/Arun/Works/Forked/machine-ui/src/app/app.component.css","timestamp":"2017-11-13T12:29:13.771Z"}
{"level":"debug","message":"on change git:/Users/asrisail/Documents/Arun/Works/Forked/machine-ui/src/app/app.component.css","timestamp":"2017-11-13T12:29:14.082Z"}
{"level":"debug","message":"on change git:/Users/asrisail/Documents/Arun/Works/Forked/machine-ui/src/app/app.component.css","timestamp":"2017-11-13T12:29:14.832Z"}
{"level":"debug","message":"on file open file:///Users/asrisail/Documents/Arun/Works/Forked/machine-ui/src/app/app.component.less","timestamp":"2017-11-13T12:29:16.459Z"}
{"level":"debug","message":"on file open git:/Users/asrisail/Documents/Arun/Works/Forked/machine-ui/src/app/app.component.less","timestamp":"2017-11-13T12:29:16.656Z"}
{"level":"debug","message":"on change git:/Users/asrisail/Documents/Arun/Works/Forked/machine-ui/src/app/app.component.less","timestamp":"2017-11-13T12:29:16.891Z"}
{"level":"debug","message":"on change git:/Users/asrisail/Documents/Arun/Works/Forked/machine-ui/src/app/app.component.less","timestamp":"2017-11-13T12:29:24.829Z"}
{"level":"debug","message":"on file open git:/Users/asrisail/Documents/Arun/Works/Forked/machine-ui/angular-cli.json","timestamp":"2017-11-13T12:29:27.194Z"}
{"level":"debug","message":"on change git:/Users/asrisail/Documents/Arun/Works/Forked/machine-ui/angular-cli.json","timestamp":"2017-11-13T12:29:27.437Z"}
{"level":"debug","message":"on file open file:///Users/asrisail/Documents/Arun/Works/Forked/machine-ui/src/app/app.component.ts","timestamp":"2017-11-13T12:29:48.266Z"}
{"level":"debug","message":"on file open git:/Users/asrisail/Documents/Arun/Works/Forked/machine-ui/src/app/app.component.ts","timestamp":"2017-11-13T12:29:48.465Z"}
{"level":"debug","message":"on change git:/Users/asrisail/Documents/Arun/Works/Forked/machine-ui/src/app/app.component.ts","timestamp":"2017-11-13T12:29:48.743Z"}
{"level":"debug","message":"on change file:///Users/asrisail/Documents/Arun/Works/Forked/machine-ui/src/app/app.component.ts","timestamp":"2017-11-13T12:29:49.965Z"}
{"level":"debug","message":"on change file:///Users/asrisail/Documents/Arun/Works/Forked/machine-ui/src/app/app.component.ts","timestamp":"2017-11-13T12:29:50.231Z"}
{"level":"debug","message":"on change file:///Users/asrisail/Documents/Arun/Works/Forked/machine-ui/src/app/app.component.ts","timestamp":"2017-11-13T12:29:50.647Z"}
{"level":"debug","message":"on save file:///Users/asrisail/Documents/Arun/Works/Forked/machine-ui/src/app/app.component.ts","timestamp":"2017-11-13T12:29:51.055Z"}
{"level":"debug","message":"on change git:/Users/asrisail/Documents/Arun/Works/Forked/machine-ui/src/app/app.component.ts","timestamp":"2017-11-13T12:29:53.535Z"}
{"level":"debug","message":"on file open git:/Users/asrisail/Documents/Arun/Works/Forked/machine-ui/src/app/natural-language/natural-language.component.less","timestamp":"2017-11-13T12:30:10.132Z"}
{"level":"debug","message":"on change git:/Users/asrisail/Documents/Arun/Works/Forked/machine-ui/src/app/natural-language/natural-language.component.less","timestamp":"2017-11-13T12:30:10.368Z"}
{"level":"debug","message":"on file open git:/Users/asrisail/Documents/Arun/Works/Forked/machine-ui/angular-cli.json","timestamp":"2017-11-13T12:30:13.141Z"}
{"level":"debug","message":"on change git:/Users/asrisail/Documents/Arun/Works/Forked/machine-ui/angular-cli.json","timestamp":"2017-11-13T12:30:13.372Z"}
{"level":"debug","message":"on change file:///Users/asrisail/Documents/Arun/Works/Forked/machine-ui/angular-cli.json","timestamp":"2017-11-13T12:30:17.383Z"}
{"level":"debug","message":"on save file:///Users/asrisail/Documents/Arun/Works/Forked/machine-ui/angular-cli.json","timestamp":"2017-11-13T12:30:17.519Z"}
{"level":"debug","message":"on change git:/Users/asrisail/Documents/Arun/Works/Forked/machine-ui/angular-cli.json","timestamp":"2017-11-13T12:30:19.997Z"}
{"level":"debug","message":"on change file:///Users/asrisail/Documents/Arun/Works/Forked/machine-ui/angular-cli.json","timestamp":"2017-11-13T12:30:26.218Z"}
{"level":"debug","message":"on change file:///Users/asrisail/Documents/Arun/Works/Forked/machine-ui/angular-cli.json","timestamp":"2017-11-13T12:30:27.877Z"}
{"level":"debug","message":"on change file:///Users/asrisail/Documents/Arun/Works/Forked/machine-ui/angular-cli.json","timestamp":"2017-11-13T12:30:28.117Z"}
{"level":"debug","message":"on change file:///Users/asrisail/Documents/Arun/Works/Forked/machine-ui/angular-cli.json","timestamp":"2017-11-13T12:30:28.524Z"}
{"level":"debug","message":"on save file:///Users/asrisail/Documents/Arun/Works/Forked/machine-ui/angular-cli.json","timestamp":"2017-11-13T12:30:29.317Z"}
{"level":"debug","message":"on change git:/Users/asrisail/Documents/Arun/Works/Forked/machine-ui/angular-cli.json","timestamp":"2017-11-13T12:30:30.777Z"}
{"level":"debug","message":"on change file:///Users/asrisail/Documents/Arun/Works/Forked/machine-ui/angular-cli.json","timestamp":"2017-11-13T12:30:31.109Z"}
{"level":"debug","message":"on change file:///Users/asrisail/Documents/Arun/Works/Forked/machine-ui/angular-cli.json","timestamp":"2017-11-13T12:30:31.758Z"}
{"level":"debug","message":"on change file:///Users/asrisail/Documents/Arun/Works/Forked/machine-ui/angular-cli.json","timestamp":"2017-11-13T12:30:31.999Z"}
{"level":"debug","message":"on change file:///Users/asrisail/Documents/Arun/Works/Forked/machine-ui/angular-cli.json","timestamp":"2017-11-13T12:30:32.493Z"}
{"level":"debug","message":"on change file:///Users/asrisail/Documents/Arun/Works/Forked/machine-ui/angular-cli.json","timestamp":"2017-11-13T12:30:33.255Z"}
{"level":"debug","message":"on change file:///Users/asrisail/Documents/Arun/Works/Forked/machine-ui/angular-cli.json","timestamp":"2017-11-13T12:30:33.566Z"}
{"level":"debug","message":"on change file:///Users/asrisail/Documents/Arun/Works/Forked/machine-ui/angular-cli.json","timestamp":"2017-11-13T12:30:34.503Z"}
{"level":"debug","message":"on change file:///Users/asrisail/Documents/Arun/Works/Forked/machine-ui/angular-cli.json","timestamp":"2017-11-13T12:30:34.722Z"}
{"level":"debug","message":"on save file:///Users/asrisail/Documents/Arun/Works/Forked/machine-ui/angular-cli.json","timestamp":"2017-11-13T12:30:34.785Z"}
{"level":"debug","message":"on change git:/Users/asrisail/Documents/Arun/Works/Forked/machine-ui/angular-cli.json","timestamp":"2017-11-13T12:30:40.808Z"}
{"level":"debug","message":"on file open git:/Users/asrisail/Documents/Arun/Works/Forked/machine-ui/src/app/app.component.ts","timestamp":"2017-11-13T12:31:41.309Z"}
{"level":"debug","message":"on change git:/Users/asrisail/Documents/Arun/Works/Forked/machine-ui/src/app/app.component.ts","timestamp":"2017-11-13T12:31:41.591Z"}
{"level":"debug","message":"on change file:///Users/asrisail/Documents/Arun/Works/Forked/machine-ui/src/app/app.component.ts","timestamp":"2017-11-13T12:31:44.039Z"}
{"level":"debug","message":"on save file:///Users/asrisail/Documents/Arun/Works/Forked/machine-ui/src/app/app.component.ts","timestamp":"2017-11-13T12:31:44.457Z"}
{"level":"debug","message":"on change git:/Users/asrisail/Documents/Arun/Works/Forked/machine-ui/src/app/app.component.ts","timestamp":"2017-11-13T12:31:46.098Z"}
{"level":"debug","message":"on file open git:/Users/asrisail/Documents/Arun/Works/Forked/machine-ui/src/app/natural-language/natural-language.component.ts","timestamp":"2017-11-13T12:31:49.169Z"}
{"level":"debug","message":"on change git:/Users/asrisail/Documents/Arun/Works/Forked/machine-ui/src/app/natural-language/natural-language.component.ts","timestamp":"2017-11-13T12:31:49.416Z"}
{"level":"debug","message":"on change file:///Users/asrisail/Documents/Arun/Works/Forked/machine-ui/src/app/natural-language/natural-language.component.ts","timestamp":"2017-11-13T12:31:50.877Z"}
{"level":"debug","message":"on save file:///Users/asrisail/Documents/Arun/Works/Forked/machine-ui/src/app/natural-language/natural-language.component.ts","timestamp":"2017-11-13T12:31:50.952Z"}
{"level":"debug","message":"on change file:///Users/asrisail/Documents/Arun/Works/Forked/machine-ui/src/app/natural-language/natural-language.component.ts","timestamp":"2017-11-13T12:31:55.611Z"}
{"level":"debug","message":"on change file:///Users/asrisail/Documents/Arun/Works/Forked/machine-ui/src/app/natural-language/natural-language.component.ts","timestamp":"2017-11-13T12:31:55.868Z"}
{"level":"debug","message":"on change git:/Users/asrisail/Documents/Arun/Works/Forked/machine-ui/src/app/natural-language/natural-language.component.ts","timestamp":"2017-11-13T12:31:56.054Z"}
{"level":"debug","message":"on save file:///Users/asrisail/Documents/Arun/Works/Forked/machine-ui/src/app/natural-language/natural-language.component.ts","timestamp":"2017-11-13T12:31:56.054Z"}
{"level":"debug","message":"on change git:/Users/asrisail/Documents/Arun/Works/Forked/machine-ui/src/app/natural-language/natural-language.component.ts","timestamp":"2017-11-13T12:32:06.085Z"}
{"level":"debug","message":"on change file:///Users/asrisail/Documents/Arun/Works/Forked/machine-ui/src/app/natural-language/natural-language.component.ts","timestamp":"2017-11-13T12:34:58.716Z"}
{"level":"debug","message":"on change file:///Users/asrisail/Documents/Arun/Works/Forked/machine-ui/src/app/natural-language/natural-language.component.ts","timestamp":"2017-11-13T12:34:59.069Z"}
{"level":"debug","message":"on save file:///Users/asrisail/Documents/Arun/Works/Forked/machine-ui/src/app/natural-language/natural-language.component.ts","timestamp":"2017-11-13T12:34:59.782Z"}
{"level":"debug","message":"on change git:/Users/asrisail/Documents/Arun/Works/Forked/machine-ui/src/app/natural-language/natural-language.component.ts","timestamp":"2017-11-13T12:35:01.400Z"}
{"level":"debug","message":"on file open git:/Users/asrisail/Documents/Arun/Works/Forked/machine-ui/src/app/app.component.ts","timestamp":"2017-11-13T12:35:07.180Z"}
{"level":"debug","message":"on change git:/Users/asrisail/Documents/Arun/Works/Forked/machine-ui/src/app/app.component.ts","timestamp":"2017-11-13T12:35:07.451Z"}
{"level":"debug","message":"on change file:///Users/asrisail/Documents/Arun/Works/Forked/machine-ui/src/app/app.component.ts","timestamp":"2017-11-13T12:35:09.179Z"}
{"level":"debug","message":"on save file:///Users/asrisail/Documents/Arun/Works/Forked/machine-ui/src/app/app.component.ts","timestamp":"2017-11-13T12:35:09.628Z"}
{"level":"debug","message":"on change git:/Users/asrisail/Documents/Arun/Works/Forked/machine-ui/src/app/app.component.ts","timestamp":"2017-11-13T12:35:11.375Z"}
{"level":"debug","message":"on file open git:/Users/asrisail/Documents/Arun/Works/Forked/machine-ui/angular-cli.json","timestamp":"2017-11-13T12:36:21.213Z"}
{"level":"debug","message":"on change git:/Users/asrisail/Documents/Arun/Works/Forked/machine-ui/angular-cli.json","timestamp":"2017-11-13T12:36:21.473Z"}
{"level":"debug","message":"on change file:///Users/asrisail/Documents/Arun/Works/Forked/machine-ui/angular-cli.json","timestamp":"2017-11-13T12:36:32.249Z"}
{"level":"debug","message":"on change file:///Users/asrisail/Documents/Arun/Works/Forked/machine-ui/angular-cli.json","timestamp":"2017-11-13T12:36:32.647Z"}
{"level":"debug","message":"on save file:///Users/asrisail/Documents/Arun/Works/Forked/machine-ui/angular-cli.json","timestamp":"2017-11-13T12:36:35.664Z"}
{"level":"debug","message":"on file open file:///Users/asrisail/Documents/Arun/Works/Forked/machine-ui/src/styles.css","timestamp":"2017-11-13T12:36:36.069Z"}
{"level":"debug","message":"on file open git:/Users/asrisail/Documents/Arun/Works/Forked/machine-ui/src/styles.css","timestamp":"2017-11-13T12:36:36.270Z"}
{"level":"debug","message":"on change git:/Users/asrisail/Documents/Arun/Works/Forked/machine-ui/src/styles.css","timestamp":"2017-11-13T12:36:36.521Z"}
{"level":"debug","message":"on change git:/Users/asrisail/Documents/Arun/Works/Forked/machine-ui/src/styles.css","timestamp":"2017-11-13T12:36:37.263Z"}
{"level":"debug","message":"on file open file:///Users/asrisail/Documents/Arun/Works/Forked/machine-ui/src/styles.less","timestamp":"2017-11-13T12:36:40.163Z"}
{"level":"debug","message":"on file open git:/Users/asrisail/Documents/Arun/Works/Forked/machine-ui/src/styles.less","timestamp":"2017-11-13T12:36:40.362Z"}
{"level":"debug","message":"on change git:/Users/asrisail/Documents/Arun/Works/Forked/machine-ui/src/styles.less","timestamp":"2017-11-13T12:36:40.641Z"}
{"level":"debug","message":"on change git:/Users/asrisail/Documents/Arun/Works/Forked/machine-ui/src/styles.less","timestamp":"2017-11-13T12:36:47.246Z"}
{"level":"debug","message":"on file open git:/Users/asrisail/Documents/Arun/Works/Forked/machine-ui/angular-cli.json","timestamp":"2017-11-13T12:36:50.198Z"}
{"level":"debug","message":"on change git:/Users/asrisail/Documents/Arun/Works/Forked/machine-ui/angular-cli.json","timestamp":"2017-11-13T12:36:50.440Z"}
{"level":"debug","message":"on change file:///Users/asrisail/Documents/Arun/Works/Forked/machine-ui/angular-cli.json","timestamp":"2017-11-13T12:36:55.316Z"}
{"level":"debug","message":"on change file:///Users/asrisail/Documents/Arun/Works/Forked/machine-ui/angular-cli.json","timestamp":"2017-11-13T12:36:55.720Z"}
{"level":"debug","message":"on save file:///Users/asrisail/Documents/Arun/Works/Forked/machine-ui/angular-cli.json","timestamp":"2017-11-13T12:36:55.994Z"}
{"level":"debug","message":"on change git:/Users/asrisail/Documents/Arun/Works/Forked/machine-ui/angular-cli.json","timestamp":"2017-11-13T12:36:57.565Z"}
{"level":"debug","message":"on file open git:/Users/asrisail/Documents/Arun/Works/Forked/machine-ui/src/app/app.component.less","timestamp":"2017-11-13T12:39:17.835Z"}
{"level":"debug","message":"on change git:/Users/asrisail/Documents/Arun/Works/Forked/machine-ui/src/app/app.component.less","timestamp":"2017-11-13T12:39:18.138Z"}
{"level":"debug","message":"on change file:///Users/asrisail/Documents/Arun/Works/Forked/machine-ui/src/app/app.component.less","timestamp":"2017-11-13T12:39:19.429Z"}
{"level":"debug","message":"on change file:///Users/asrisail/Documents/Arun/Works/Forked/machine-ui/src/app/app.component.less","timestamp":"2017-11-13T12:39:23.252Z"}
{"level":"debug","message":"on change file:///Users/asrisail/Documents/Arun/Works/Forked/machine-ui/src/app/app.component.less","timestamp":"2017-11-13T12:39:23.485Z"}
{"level":"debug","message":"on change file:///Users/asrisail/Documents/Arun/Works/Forked/machine-ui/src/app/app.component.less","timestamp":"2017-11-13T12:39:23.875Z"}
{"level":"debug","message":"on change file:///Users/asrisail/Documents/Arun/Works/Forked/machine-ui/src/app/app.component.less","timestamp":"2017-11-13T12:39:24.130Z"}
{"level":"debug","message":"on change file:///Users/asrisail/Documents/Arun/Works/Forked/machine-ui/src/app/app.component.less","timestamp":"2017-11-13T12:39:24.927Z"}
{"level":"debug","message":"on save file:///Users/asrisail/Documents/Arun/Works/Forked/machine-ui/src/app/app.component.less","timestamp":"2017-11-13T12:39:25.677Z"}
{"level":"debug","message":"on file open git:/Users/asrisail/Documents/Arun/Works/Forked/machine-ui/src/styles.less","timestamp":"2017-11-13T12:39:28.092Z"}
{"level":"debug","message":"on change git:/Users/asrisail/Documents/Arun/Works/Forked/machine-ui/src/styles.less","timestamp":"2017-11-13T12:39:28.325Z"}
{"level":"debug","message":"on change file:///Users/asrisail/Documents/Arun/Works/Forked/machine-ui/src/styles.less","timestamp":"2017-11-13T12:39:29.430Z"}
{"level":"debug","message":"on change file:///Users/asrisail/Documents/Arun/Works/Forked/machine-ui/src/styles.less","timestamp":"2017-11-13T12:39:32.099Z"}
{"level":"debug","message":"on change file:///Users/asrisail/Documents/Arun/Works/Forked/machine-ui/src/styles.less","timestamp":"2017-11-13T12:39:32.790Z"}
{"level":"debug","message":"on change file:///Users/asrisail/Documents/Arun/Works/Forked/machine-ui/src/styles.less","timestamp":"2017-11-13T12:39:33.417Z"}
{"level":"debug","message":"on change file:///Users/asrisail/Documents/Arun/Works/Forked/machine-ui/src/styles.less","timestamp":"2017-11-13T12:39:33.628Z"}
{"level":"debug","message":"on change file:///Users/asrisail/Documents/Arun/Works/Forked/machine-ui/src/styles.less","timestamp":"2017-11-13T12:39:34.143Z"}
{"level":"debug","message":"on save file:///Users/asrisail/Documents/Arun/Works/Forked/machine-ui/src/styles.less","timestamp":"2017-11-13T12:39:34.276Z"}
{"level":"debug","message":"on change git:/Users/asrisail/Documents/Arun/Works/Forked/machine-ui/src/styles.less","timestamp":"2017-11-13T12:39:38.184Z"}
{"level":"debug","message":"on file open file:///Users/asrisail/Documents/Arun/Works/Forked/machine-ui/package-lock.json","timestamp":"2017-11-13T12:39:48.150Z"}
{"level":"debug","message":"on file open git:/Users/asrisail/Documents/Arun/Works/Forked/machine-ui/package-lock.json","timestamp":"2017-11-13T12:39:48.151Z"}
{"level":"debug","message":"on change git:/Users/asrisail/Documents/Arun/Works/Forked/machine-ui/package-lock.json","timestamp":"2017-11-13T12:39:48.328Z"}
{"level":"debug","message":"on file open git:/Users/asrisail/Documents/Arun/Works/Forked/machine-ui/angular-cli.json","timestamp":"2017-11-13T12:42:08.893Z"}
{"level":"debug","message":"on change git:/Users/asrisail/Documents/Arun/Works/Forked/machine-ui/angular-cli.json","timestamp":"2017-11-13T12:42:09.405Z"}
{"level":"debug","message":"on change file:///Users/asrisail/Documents/Arun/Works/Forked/machine-ui/angular-cli.json","timestamp":"2017-11-13T12:42:12.779Z"}
{"level":"debug","message":"on change file:///Users/asrisail/Documents/Arun/Works/Forked/machine-ui/angular-cli.json","timestamp":"2017-11-13T12:42:13.077Z"}
{"level":"debug","message":"on save file:///Users/asrisail/Documents/Arun/Works/Forked/machine-ui/angular-cli.json","timestamp":"2017-11-13T12:42:13.859Z"}
{"level":"debug","message":"on change git:/Users/asrisail/Documents/Arun/Works/Forked/machine-ui/angular-cli.json","timestamp":"2017-11-13T12:42:15.475Z"}
{"level":"debug","message":"on file open git:/Users/asrisail/Documents/Arun/Works/Forked/machine-ui/.gitignore","timestamp":"2017-11-13T12:43:52.732Z"}
{"level":"debug","message":"on change git:/Users/asrisail/Documents/Arun/Works/Forked/machine-ui/.gitignore","timestamp":"2017-11-13T12:43:53.032Z"}
{"level":"debug","message":"on change file:///Users/asrisail/Documents/Arun/Works/Forked/machine-ui/.gitignore","timestamp":"2017-11-13T12:43:53.906Z"}
{"level":"debug","message":"on change file:///Users/asrisail/Documents/Arun/Works/Forked/machine-ui/.gitignore","timestamp":"2017-11-13T12:43:54.416Z"}
{"level":"debug","message":"on save file:///Users/asrisail/Documents/Arun/Works/Forked/machine-ui/.gitignore","timestamp":"2017-11-13T12:43:54.777Z"}
{"level":"debug","message":"on change git:/Users/asrisail/Documents/Arun/Works/Forked/machine-ui/.gitignore","timestamp":"2017-11-13T12:43:56.108Z"}
